<?xml version="1.0" encoding="UTF-8"?>
<coverage generated="1530444103069" clover="3.2.0">
  <project timestamp="1530444103069" name="All files">
    <metrics statements="50" coveredstatements="43" conditionals="17" coveredconditionals="9" methods="8" coveredmethods="8" elements="75" coveredelements="60" complexity="0" loc="50" ncloc="50" packages="3" files="10" classes="10">
      <package name="actions">
        <metrics statements="11" coveredstatements="11" conditionals="0" coveredconditionals="0" methods="0" coveredmethods="0"/>
        <file name="types.js" path="/Users/.nesh/Nesh/Checkpoints/weconnect-react/src/actions/types.js">
          <metrics statements="11" coveredstatements="11" conditionals="0" coveredconditionals="0" methods="0" coveredmethods="0"/>
          <line num="1" count="6" type="stmt"/>
          <line num="2" count="6" type="stmt"/>
          <line num="3" count="6" type="stmt"/>
          <line num="4" count="6" type="stmt"/>
          <line num="5" count="6" type="stmt"/>
          <line num="6" count="6" type="stmt"/>
          <line num="7" count="6" type="stmt"/>
          <line num="8" count="6" type="stmt"/>
          <line num="9" count="6" type="stmt"/>
          <line num="10" count="6" type="stmt"/>
          <line num="11" count="6" type="stmt"/>
        </file>
      </package>
      <package name="reducers">
        <metrics statements="21" coveredstatements="14" conditionals="17" coveredconditionals="9" methods="2" coveredmethods="2"/>
        <file name="business.js" path="/Users/.nesh/Nesh/Checkpoints/weconnect-react/src/reducers/business.js">
          <metrics statements="11" coveredstatements="6" conditionals="9" coveredconditionals="4" methods="1" coveredmethods="1"/>
          <line num="3" count="6" type="stmt"/>
          <line num="11" count="6" type="cond" truecount="1" falsecount="0"/>
          <line num="12" count="18" type="cond" truecount="3" falsecount="5"/>
          <line num="14" count="1" type="stmt"/>
          <line num="24" count="1" type="stmt"/>
          <line num="33" count="0" type="stmt"/>
          <line num="39" count="0" type="stmt"/>
          <line num="45" count="0" type="stmt"/>
          <line num="50" count="0" type="stmt"/>
          <line num="55" count="0" type="stmt"/>
          <line num="61" count="16" type="stmt"/>
        </file>
        <file name="index.js" path="/Users/.nesh/Nesh/Checkpoints/weconnect-react/src/reducers/index.js">
          <metrics statements="1" coveredstatements="1" conditionals="0" coveredconditionals="0" methods="0" coveredmethods="0"/>
          <line num="5" count="6" type="stmt"/>
        </file>
        <file name="user.js" path="/Users/.nesh/Nesh/Checkpoints/weconnect-react/src/reducers/user.js">
          <metrics statements="9" coveredstatements="7" conditionals="8" coveredconditionals="5" methods="1" coveredmethods="1"/>
          <line num="3" count="6" type="stmt"/>
          <line num="4" count="6" type="cond" truecount="1" falsecount="1"/>
          <line num="6" count="6" type="cond" truecount="1" falsecount="0"/>
          <line num="7" count="18" type="cond" truecount="3" falsecount="2"/>
          <line num="9" count="2" type="stmt"/>
          <line num="16" count="1" type="stmt"/>
          <line num="23" count="0" type="stmt"/>
          <line num="30" count="0" type="stmt"/>
          <line num="38" count="15" type="stmt"/>
        </file>
      </package>
      <package name="tests">
        <metrics statements="18" coveredstatements="18" conditionals="0" coveredconditionals="0" methods="6" coveredmethods="6"/>
        <file name="Initial.test.js" path="/Users/.nesh/Nesh/Checkpoints/weconnect-react/src/tests/Initial.test.js">
          <metrics statements="3" coveredstatements="3" conditionals="0" coveredconditionals="0" methods="1" coveredmethods="1"/>
          <line num="3" count="1" type="stmt"/>
          <line num="5" count="1" type="stmt"/>
          <line num="6" count="1" type="stmt"/>
        </file>
        <file name="Login.test.js" path="/Users/.nesh/Nesh/Checkpoints/weconnect-react/src/tests/Login.test.js">
          <metrics statements="3" coveredstatements="3" conditionals="0" coveredconditionals="0" methods="1" coveredmethods="1"/>
          <line num="3" count="1" type="stmt"/>
          <line num="5" count="1" type="stmt"/>
          <line num="11" count="1" type="stmt"/>
        </file>
        <file name="catalog.test.js" path="/Users/.nesh/Nesh/Checkpoints/weconnect-react/src/tests/catalog.test.js">
          <metrics statements="3" coveredstatements="3" conditionals="0" coveredconditionals="0" methods="1" coveredmethods="1"/>
          <line num="3" count="1" type="stmt"/>
          <line num="5" count="1" type="stmt"/>
          <line num="34" count="1" type="stmt"/>
        </file>
        <file name="logout.test.js" path="/Users/.nesh/Nesh/Checkpoints/weconnect-react/src/tests/logout.test.js">
          <metrics statements="3" coveredstatements="3" conditionals="0" coveredconditionals="0" methods="1" coveredmethods="1"/>
          <line num="3" count="1" type="stmt"/>
          <line num="5" count="1" type="stmt"/>
          <line num="11" count="1" type="stmt"/>
        </file>
        <file name="register.test.js" path="/Users/.nesh/Nesh/Checkpoints/weconnect-react/src/tests/register.test.js">
          <metrics statements="3" coveredstatements="3" conditionals="0" coveredconditionals="0" methods="1" coveredmethods="1"/>
          <line num="3" count="1" type="stmt"/>
          <line num="5" count="1" type="stmt"/>
          <line num="11" count="1" type="stmt"/>
        </file>
        <file name="registerBusiness.test.js" path="/Users/.nesh/Nesh/Checkpoints/weconnect-react/src/tests/registerBusiness.test.js">
          <metrics statements="3" coveredstatements="3" conditionals="0" coveredconditionals="0" methods="1" coveredmethods="1"/>
          <line num="3" count="1" type="stmt"/>
          <line num="5" count="1" type="stmt"/>
          <line num="11" count="1" type="stmt"/>
        </file>
      </package>
    </metrics>
  </project>
</coverage>
