{"/Users/.nesh/Nesh/Checkpoints/weconnect-react/src/actions/types.js": {"path":"/Users/.nesh/Nesh/Checkpoints/weconnect-react/src/actions/types.js","statementMap":{"0":{"start":{"line":1,"column":29},"end":{"line":1,"column":44}},"1":{"start":{"line":2,"column":26},"end":{"line":2,"column":38}},"2":{"start":{"line":3,"column":27},"end":{"line":3,"column":40}},"3":{"start":{"line":4,"column":30},"end":{"line":4,"column":46}},"4":{"start":{"line":5,"column":28},"end":{"line":5,"column":42}},"5":{"start":{"line":6,"column":30},"end":{"line":6,"column":46}},"6":{"start":{"line":7,"column":28},"end":{"line":7,"column":42}},"7":{"start":{"line":8,"column":28},"end":{"line":8,"column":42}},"8":{"start":{"line":9,"column":27},"end":{"line":9,"column":40}},"9":{"start":{"line":10,"column":29},"end":{"line":10,"column":44}},"10":{"start":{"line":11,"column":31},"end":{"line":11,"column":48}}},"fnMap":{},"branchMap":{},"s":{"0":6,"1":6,"2":6,"3":6,"4":6,"5":6,"6":6,"7":6,"8":6,"9":6,"10":6},"f":{},"b":{},"_coverageSchema":"332fd63041d2c1bcb487cc26dd0d5f7d97098a6c","hash":"41127125eb8285cae69981955360e7d1af6c3c91"}
,"/Users/.nesh/Nesh/Checkpoints/weconnect-react/src/reducers/business.js": {"path":"/Users/.nesh/Nesh/Checkpoints/weconnect-react/src/reducers/business.js","statementMap":{"0":{"start":{"line":3,"column":21},"end":{"line":9,"column":1}},"1":{"start":{"line":11,"column":24},"end":{"line":63,"column":1}},"2":{"start":{"line":12,"column":2},"end":{"line":62,"column":3}},"3":{"start":{"line":14,"column":4},"end":{"line":21,"column":6}},"4":{"start":{"line":24,"column":4},"end":{"line":30,"column":6}},"5":{"start":{"line":33,"column":4},"end":{"line":36,"column":6}},"6":{"start":{"line":39,"column":4},"end":{"line":42,"column":6}},"7":{"start":{"line":45,"column":4},"end":{"line":48,"column":6}},"8":{"start":{"line":50,"column":4},"end":{"line":53,"column":6}},"9":{"start":{"line":55,"column":4},"end":{"line":58,"column":6}},"10":{"start":{"line":61,"column":4},"end":{"line":61,"column":17}}},"fnMap":{"0":{"name":"(anonymous_0)","decl":{"start":{"line":11,"column":24},"end":{"line":11,"column":25}},"loc":{"start":{"line":11,"column":58},"end":{"line":63,"column":1}},"line":11}},"branchMap":{"0":{"loc":{"start":{"line":11,"column":25},"end":{"line":11,"column":45}},"type":"default-arg","locations":[{"start":{"line":11,"column":33},"end":{"line":11,"column":45}}],"line":11},"1":{"loc":{"start":{"line":12,"column":2},"end":{"line":62,"column":3}},"type":"switch","locations":[{"start":{"line":13,"column":2},"end":{"line":21,"column":6}},{"start":{"line":23,"column":2},"end":{"line":30,"column":6}},{"start":{"line":32,"column":2},"end":{"line":36,"column":6}},{"start":{"line":38,"column":2},"end":{"line":42,"column":6}},{"start":{"line":44,"column":2},"end":{"line":48,"column":6}},{"start":{"line":49,"column":2},"end":{"line":53,"column":6}},{"start":{"line":54,"column":2},"end":{"line":58,"column":6}},{"start":{"line":60,"column":2},"end":{"line":61,"column":17}}],"line":12}},"s":{"0":6,"1":6,"2":18,"3":1,"4":1,"5":0,"6":0,"7":0,"8":0,"9":0,"10":16},"f":{"0":18},"b":{"0":[13],"1":[1,1,0,0,0,0,0,16]},"_coverageSchema":"332fd63041d2c1bcb487cc26dd0d5f7d97098a6c","hash":"124c1f605d910df07ba3bbce85838fb4584d3f36"}
,"/Users/.nesh/Nesh/Checkpoints/weconnect-react/src/reducers/index.js": {"path":"/Users/.nesh/Nesh/Checkpoints/weconnect-react/src/reducers/index.js","statementMap":{"0":{"start":{"line":5,"column":20},"end":{"line":8,"column":2}}},"fnMap":{},"branchMap":{},"s":{"0":6},"f":{},"b":{},"_coverageSchema":"332fd63041d2c1bcb487cc26dd0d5f7d97098a6c","hash":"380aa018410dfe5a9c2787706d8cc6e0ba1ee894"}
,"/Users/.nesh/Nesh/Checkpoints/weconnect-react/src/reducers/user.js": {"path":"/Users/.nesh/Nesh/Checkpoints/weconnect-react/src/reducers/user.js","statementMap":{"0":{"start":{"line":3,"column":11},"end":{"line":3,"column":52}},"1":{"start":{"line":4,"column":21},"end":{"line":4,"column":82}},"2":{"start":{"line":6,"column":14},"end":{"line":40,"column":1}},"3":{"start":{"line":7,"column":2},"end":{"line":39,"column":3}},"4":{"start":{"line":9,"column":4},"end":{"line":13,"column":6}},"5":{"start":{"line":16,"column":4},"end":{"line":20,"column":6}},"6":{"start":{"line":23,"column":4},"end":{"line":27,"column":6}},"7":{"start":{"line":30,"column":4},"end":{"line":35,"column":6}},"8":{"start":{"line":38,"column":4},"end":{"line":38,"column":17}}},"fnMap":{"0":{"name":"(anonymous_0)","decl":{"start":{"line":6,"column":14},"end":{"line":6,"column":15}},"loc":{"start":{"line":6,"column":48},"end":{"line":40,"column":1}},"line":6}},"branchMap":{"0":{"loc":{"start":{"line":4,"column":21},"end":{"line":4,"column":82}},"type":"cond-expr","locations":[{"start":{"line":4,"column":28},"end":{"line":4,"column":53}},{"start":{"line":4,"column":56},"end":{"line":4,"column":82}}],"line":4},"1":{"loc":{"start":{"line":6,"column":15},"end":{"line":6,"column":35}},"type":"default-arg","locations":[{"start":{"line":6,"column":23},"end":{"line":6,"column":35}}],"line":6},"2":{"loc":{"start":{"line":7,"column":2},"end":{"line":39,"column":3}},"type":"switch","locations":[{"start":{"line":8,"column":2},"end":{"line":13,"column":6}},{"start":{"line":15,"column":2},"end":{"line":20,"column":6}},{"start":{"line":22,"column":2},"end":{"line":27,"column":6}},{"start":{"line":29,"column":2},"end":{"line":35,"column":6}},{"start":{"line":37,"column":2},"end":{"line":38,"column":17}}],"line":7}},"s":{"0":6,"1":6,"2":6,"3":18,"4":2,"5":1,"6":0,"7":0,"8":15},"f":{"0":18},"b":{"0":[0,6],"1":[13],"2":[2,1,0,0,15]},"_coverageSchema":"332fd63041d2c1bcb487cc26dd0d5f7d97098a6c","hash":"2763d451e1c2ef128c2d17c1a59233da8bb27af2"}
,"/Users/.nesh/Nesh/Checkpoints/weconnect-react/src/tests/Initial.test.js": {"path":"/Users/.nesh/Nesh/Checkpoints/weconnect-react/src/tests/Initial.test.js","statementMap":{"0":{"start":{"line":3,"column":0},"end":{"line":12,"column":3}},"1":{"start":{"line":5,"column":2},"end":{"line":5,"column":34}},"2":{"start":{"line":6,"column":2},"end":{"line":11,"column":5}}},"fnMap":{"0":{"name":"(anonymous_0)","decl":{"start":{"line":3,"column":17},"end":{"line":3,"column":18}},"loc":{"start":{"line":3,"column":23},"end":{"line":12,"column":1}},"line":3}},"branchMap":{},"s":{"0":1,"1":1,"2":1},"f":{"0":1},"b":{},"_coverageSchema":"332fd63041d2c1bcb487cc26dd0d5f7d97098a6c","hash":"53d623b1d9f90de0a1ea10eacfa5c5dbf32aa264"}
,"/Users/.nesh/Nesh/Checkpoints/weconnect-react/src/tests/Login.test.js": {"path":"/Users/.nesh/Nesh/Checkpoints/weconnect-react/src/tests/Login.test.js","statementMap":{"0":{"start":{"line":3,"column":0},"end":{"line":17,"column":3}},"1":{"start":{"line":5,"column":2},"end":{"line":10,"column":68}},"2":{"start":{"line":11,"column":2},"end":{"line":16,"column":5}}},"fnMap":{"0":{"name":"(anonymous_0)","decl":{"start":{"line":3,"column":17},"end":{"line":3,"column":18}},"loc":{"start":{"line":3,"column":23},"end":{"line":17,"column":1}},"line":3}},"branchMap":{},"s":{"0":1,"1":1,"2":1},"f":{"0":1},"b":{},"_coverageSchema":"332fd63041d2c1bcb487cc26dd0d5f7d97098a6c","hash":"16a306f3b4cb9ad5561a0c094700c3672e3a9d31"}
,"/Users/.nesh/Nesh/Checkpoints/weconnect-react/src/tests/catalog.test.js": {"path":"/Users/.nesh/Nesh/Checkpoints/weconnect-react/src/tests/catalog.test.js","statementMap":{"0":{"start":{"line":3,"column":0},"end":{"line":58,"column":3}},"1":{"start":{"line":5,"column":2},"end":{"line":33,"column":5}},"2":{"start":{"line":34,"column":2},"end":{"line":57,"column":5}}},"fnMap":{"0":{"name":"(anonymous_0)","decl":{"start":{"line":3,"column":17},"end":{"line":3,"column":18}},"loc":{"start":{"line":3,"column":23},"end":{"line":58,"column":1}},"line":3}},"branchMap":{},"s":{"0":1,"1":1,"2":1},"f":{"0":1},"b":{},"_coverageSchema":"332fd63041d2c1bcb487cc26dd0d5f7d97098a6c","hash":"ea18913c0e29afe4a327700390481a82ab011db6"}
,"/Users/.nesh/Nesh/Checkpoints/weconnect-react/src/tests/logout.test.js": {"path":"/Users/.nesh/Nesh/Checkpoints/weconnect-react/src/tests/logout.test.js","statementMap":{"0":{"start":{"line":3,"column":0},"end":{"line":17,"column":3}},"1":{"start":{"line":5,"column":2},"end":{"line":10,"column":56}},"2":{"start":{"line":11,"column":2},"end":{"line":16,"column":5}}},"fnMap":{"0":{"name":"(anonymous_0)","decl":{"start":{"line":3,"column":17},"end":{"line":3,"column":18}},"loc":{"start":{"line":3,"column":23},"end":{"line":17,"column":1}},"line":3}},"branchMap":{},"s":{"0":1,"1":1,"2":1},"f":{"0":1},"b":{},"_coverageSchema":"332fd63041d2c1bcb487cc26dd0d5f7d97098a6c","hash":"00740c0e3dd65dad5b3e27af36852c6f98685760"}
,"/Users/.nesh/Nesh/Checkpoints/weconnect-react/src/tests/register.test.js": {"path":"/Users/.nesh/Nesh/Checkpoints/weconnect-react/src/tests/register.test.js","statementMap":{"0":{"start":{"line":3,"column":0},"end":{"line":17,"column":3}},"1":{"start":{"line":5,"column":2},"end":{"line":10,"column":119}},"2":{"start":{"line":11,"column":2},"end":{"line":16,"column":5}}},"fnMap":{"0":{"name":"(anonymous_0)","decl":{"start":{"line":3,"column":17},"end":{"line":3,"column":18}},"loc":{"start":{"line":3,"column":23},"end":{"line":17,"column":1}},"line":3}},"branchMap":{},"s":{"0":1,"1":1,"2":1},"f":{"0":1},"b":{},"_coverageSchema":"332fd63041d2c1bcb487cc26dd0d5f7d97098a6c","hash":"93c2442950c955f25c2ba6d38802a15e4ef3bf66"}
,"/Users/.nesh/Nesh/Checkpoints/weconnect-react/src/tests/registerBusiness.test.js": {"path":"/Users/.nesh/Nesh/Checkpoints/weconnect-react/src/tests/registerBusiness.test.js","statementMap":{"0":{"start":{"line":3,"column":0},"end":{"line":17,"column":3}},"1":{"start":{"line":5,"column":2},"end":{"line":10,"column":98}},"2":{"start":{"line":11,"column":2},"end":{"line":16,"column":5}}},"fnMap":{"0":{"name":"(anonymous_0)","decl":{"start":{"line":3,"column":17},"end":{"line":3,"column":18}},"loc":{"start":{"line":3,"column":23},"end":{"line":17,"column":1}},"line":3}},"branchMap":{},"s":{"0":1,"1":1,"2":1},"f":{"0":1},"b":{},"_coverageSchema":"332fd63041d2c1bcb487cc26dd0d5f7d97098a6c","hash":"99ee5ec94091e6549004663d9adfde86eebd9005"}
}
