TN:
SF:/Users/.nesh/Nesh/Checkpoints/weconnect-react/src/actions/types.js
FNF:0
FNH:0
DA:1,6
DA:2,6
DA:3,6
DA:4,6
DA:5,6
DA:6,6
DA:7,6
DA:8,6
DA:9,6
DA:10,6
DA:11,6
LF:11
LH:11
BRF:0
BRH:0
end_of_record
TN:
SF:/Users/.nesh/Nesh/Checkpoints/weconnect-react/src/reducers/business.js
FN:11,(anonymous_0)
FNF:1
FNH:1
FNDA:18,(anonymous_0)
DA:3,6
DA:11,6
DA:12,18
DA:14,1
DA:24,1
DA:33,0
DA:39,0
DA:45,0
DA:50,0
DA:55,0
DA:61,16
LF:11
LH:6
BRDA:11,0,0,13
BRDA:12,1,0,1
BRDA:12,1,1,1
BRDA:12,1,2,0
BRDA:12,1,3,0
BRDA:12,1,4,0
BRDA:12,1,5,0
BRDA:12,1,6,0
BRDA:12,1,7,16
BRF:9
BRH:4
end_of_record
TN:
SF:/Users/.nesh/Nesh/Checkpoints/weconnect-react/src/reducers/index.js
FNF:0
FNH:0
DA:5,6
LF:1
LH:1
BRF:0
BRH:0
end_of_record
TN:
SF:/Users/.nesh/Nesh/Checkpoints/weconnect-react/src/reducers/user.js
FN:6,(anonymous_0)
FNF:1
FNH:1
FNDA:18,(anonymous_0)
DA:3,6
DA:4,6
DA:6,6
DA:7,18
DA:9,2
DA:16,1
DA:23,0
DA:30,0
DA:38,15
LF:9
LH:7
BRDA:4,0,0,0
BRDA:4,0,1,6
BRDA:6,1,0,13
BRDA:7,2,0,2
BRDA:7,2,1,1
BRDA:7,2,2,0
BRDA:7,2,3,0
BRDA:7,2,4,15
BRF:8
BRH:5
end_of_record
TN:
SF:/Users/.nesh/Nesh/Checkpoints/weconnect-react/src/tests/Initial.test.js
FN:3,(anonymous_0)
FNF:1
FNH:1
FNDA:1,(anonymous_0)
DA:3,1
DA:5,1
DA:6,1
LF:3
LH:3
BRF:0
BRH:0
end_of_record
TN:
SF:/Users/.nesh/Nesh/Checkpoints/weconnect-react/src/tests/Login.test.js
FN:3,(anonymous_0)
FNF:1
FNH:1
FNDA:1,(anonymous_0)
DA:3,1
DA:5,1
DA:11,1
LF:3
LH:3
BRF:0
BRH:0
end_of_record
TN:
SF:/Users/.nesh/Nesh/Checkpoints/weconnect-react/src/tests/catalog.test.js
FN:3,(anonymous_0)
FNF:1
FNH:1
FNDA:1,(anonymous_0)
DA:3,1
DA:5,1
DA:34,1
LF:3
LH:3
BRF:0
BRH:0
end_of_record
TN:
SF:/Users/.nesh/Nesh/Checkpoints/weconnect-react/src/tests/logout.test.js
FN:3,(anonymous_0)
FNF:1
FNH:1
FNDA:1,(anonymous_0)
DA:3,1
DA:5,1
DA:11,1
LF:3
LH:3
BRF:0
BRH:0
end_of_record
TN:
SF:/Users/.nesh/Nesh/Checkpoints/weconnect-react/src/tests/register.test.js
FN:3,(anonymous_0)
FNF:1
FNH:1
FNDA:1,(anonymous_0)
DA:3,1
DA:5,1
DA:11,1
LF:3
LH:3
BRF:0
BRH:0
end_of_record
TN:
SF:/Users/.nesh/Nesh/Checkpoints/weconnect-react/src/tests/registerBusiness.test.js
FN:3,(anonymous_0)
FNF:1
FNH:1
FNDA:1,(anonymous_0)
DA:3,1
DA:5,1
DA:11,1
LF:3
LH:3
BRF:0
BRH:0
end_of_record
